<?xml version="1.0" encoding="UTF-8"?>
<!-- Generated by org.testng.reporters.JUnitReportReporter -->
<testsuite hostname="SPCLTLAP-0399" name="com.test.LoginTest.CoreLoginTest" tests="1" failures="0" timestamp="6 Dec 2024 10:50:15 GMT" time="130.897" errors="0">
  <testcase name="RUNALL" time="130.897" classname="com.test.LoginTest.CoreLoginTest"/>
</testsuite> <!-- com.test.LoginTest.CoreLoginTest -->
