<?xml version="1.0" encoding="UTF-8"?>
<!-- Generated by org.testng.reporters.JUnitReportReporter -->
<testsuite hostname="SPCLTLAP-0399" name="Core.SecurityManagement.BannedCustomerTest" tests="1" failures="0" timestamp="2 Dec 2024 12:58:32 GMT" time="131.853" errors="0">
  <testcase name="AccessBannedCustomerPage" time="131.853" classname="Core.SecurityManagement.BannedCustomerTest"/>
</testsuite> <!-- Core.SecurityManagement.BannedCustomerTest -->
