<?xml version="1.0" encoding="UTF-8"?>
<!-- Generated by org.testng.reporters.JUnitReportReporter -->
<testsuite hostname="SPCLTLAP-0399" name="LoginTest.CoreLoginTest" tests="1" failures="0" timestamp="27 Nov 2024 12:09:53 GMT" time="73.398" errors="0">
  <testcase name="RUNALL" time="73.398" classname="LoginTest.CoreLoginTest"/>
</testsuite> <!-- LoginTest.CoreLoginTest -->
