<?xml version="1.0" encoding="UTF-8"?>
<!-- Generated by org.testng.reporters.JUnitReportReporter -->
<testsuite hostname="SPCLTLAP-0399" name="com.test.LoginTest.CoreLoginTest" tests="1" failures="0" timestamp="27 Nov 2024 12:35:18 GMT" time="102.068" errors="0">
  <testcase name="RUNALL" time="102.068" classname="com.test.LoginTest.CoreLoginTest"/>
</testsuite> <!-- com.test.LoginTest.CoreLoginTest -->
