<?xml version="1.0" encoding="UTF-8"?>
<!-- Generated by org.testng.reporters.JUnitReportReporter -->
<testsuite hostname="SPCLTLAP-0399" name="com.test.user.TimesheetModule.CoreLoginTest" tests="1" failures="0" timestamp="27 Nov 2024 10:27:38 GMT" time="67.257" errors="0">
  <testcase name="RUNALL" time="67.257" classname="com.test.user.TimesheetModule.CoreLoginTest"/>
</testsuite> <!-- com.test.user.TimesheetModule.CoreLoginTest -->
