<?xml version="1.0" encoding="UTF-8"?>
<!-- Generated by org.testng.reporters.JUnitReportReporter -->
<testsuite hostname="SPCOKLAP-5131" failures="0" tests="2" name="com.test.LeaveModule.AllScenarios_EWCLeaveModule" time="97.060" errors="0" timestamp="2024-11-18T11:24:06 IST" skipped="0">
  <testcase classname="com.test.LeaveModule.AllScenarios_EWCLeaveModule" name="RUNALL" time="97.058"/>
  <system-out/>
  <testcase classname="com.test.LeaveModule.AllScenarios_EWCLeaveModule" name="RUNALL" time="0.002"/>
  <system-out/>
</testsuite> <!-- com.test.LeaveModule.AllScenarios_EWCLeaveModule -->
